Performing C SOURCE FILE Test CMAKE_HAVE_LIBC_PTHREAD failed with the following output:
Change Dir: /home/xt/srsRAN/cmake-build-debug/CMakeFiles/CMakeTmp

Run Build Command(s):/usr/bin/make cmTC_aa953/fast && /usr/bin/make  -f CMakeFiles/cmTC_aa953.dir/build.make CMakeFiles/cmTC_aa953.dir/build
make[1]: Entering directory '/home/xt/srsRAN/cmake-build-debug/CMakeFiles/CMakeTmp'
Building C object CMakeFiles/cmTC_aa953.dir/src.c.o
/usr/bin/cc -DCMAKE_HAVE_LIBC_PTHREAD   -o CMakeFiles/cmTC_aa953.dir/src.c.o -c /home/xt/srsRAN/cmake-build-debug/CMakeFiles/CMakeTmp/src.c
Linking C executable cmTC_aa953
/snap/clion/151/bin/cmake/linux/bin/cmake -E cmake_link_script CMakeFiles/cmTC_aa953.dir/link.txt --verbose=1
/usr/bin/cc -rdynamic CMakeFiles/cmTC_aa953.dir/src.c.o -o cmTC_aa953 
/usr/bin/ld: CMakeFiles/cmTC_aa953.dir/src.c.o: in function `main':
src.c:(.text+0x46): undefined reference to `pthread_create'
/usr/bin/ld: src.c:(.text+0x52): undefined reference to `pthread_detach'
/usr/bin/ld: src.c:(.text+0x5e): undefined reference to `pthread_cancel'
/usr/bin/ld: src.c:(.text+0x6f): undefined reference to `pthread_join'
collect2: error: ld returned 1 exit status
make[1]: *** [CMakeFiles/cmTC_aa953.dir/build.make:106: cmTC_aa953] Error 1
make[1]: Leaving directory '/home/xt/srsRAN/cmake-build-debug/CMakeFiles/CMakeTmp'
make: *** [Makefile:140: cmTC_aa953/fast] Error 2


Source file was:
#include <pthread.h>

static void* test_func(void* data)
{
  return data;
}

int main(void)
{
  pthread_t thread;
  pthread_create(&thread, NULL, test_func, NULL);
  pthread_detach(thread);
  pthread_cancel(thread);
  pthread_join(thread, NULL);
  pthread_atfork(NULL, NULL, NULL);
  pthread_exit(NULL);

  return 0;
}

Determining if the function pthread_create exists in the pthreads failed with the following output:
Change Dir: /home/xt/srsRAN/cmake-build-debug/CMakeFiles/CMakeTmp

Run Build Command(s):/usr/bin/make cmTC_62955/fast && /usr/bin/make  -f CMakeFiles/cmTC_62955.dir/build.make CMakeFiles/cmTC_62955.dir/build
make[1]: Entering directory '/home/xt/srsRAN/cmake-build-debug/CMakeFiles/CMakeTmp'
Building C object CMakeFiles/cmTC_62955.dir/CheckFunctionExists.c.o
/usr/bin/cc   -DCHECK_FUNCTION_EXISTS=pthread_create -o CMakeFiles/cmTC_62955.dir/CheckFunctionExists.c.o -c /snap/clion/151/bin/cmake/linux/share/cmake-3.19/Modules/CheckFunctionExists.c
Linking C executable cmTC_62955
/snap/clion/151/bin/cmake/linux/bin/cmake -E cmake_link_script CMakeFiles/cmTC_62955.dir/link.txt --verbose=1
/usr/bin/cc  -DCHECK_FUNCTION_EXISTS=pthread_create -rdynamic CMakeFiles/cmTC_62955.dir/CheckFunctionExists.c.o -o cmTC_62955  -lpthreads 
/usr/bin/ld: cannot find -lpthreads
collect2: error: ld returned 1 exit status
make[1]: *** [CMakeFiles/cmTC_62955.dir/build.make:106: cmTC_62955] Error 1
make[1]: Leaving directory '/home/xt/srsRAN/cmake-build-debug/CMakeFiles/CMakeTmp'
make: *** [Makefile:140: cmTC_62955/fast] Error 2



Performing C SOURCE FILE Test HAVE_AVX512 failed with the following output:
Change Dir: /home/xt/srsRAN/cmake-build-debug/CMakeFiles/CMakeTmp

Run Build Command(s):/usr/bin/make cmTC_acc08/fast && /usr/bin/make  -f CMakeFiles/cmTC_acc08.dir/build.make CMakeFiles/cmTC_acc08.dir/build
make[1]: Entering directory '/home/xt/srsRAN/cmake-build-debug/CMakeFiles/CMakeTmp'
Building C object CMakeFiles/cmTC_acc08.dir/src.c.o
/usr/bin/cc   -Wno-unused-but-set-variable -DHAVE_AVX512 -mavx512f -mavx512cd -mavx512bw -mavx512dq -DLV_HAVE_AVX512 -o CMakeFiles/cmTC_acc08.dir/src.c.o -c /home/xt/srsRAN/cmake-build-debug/CMakeFiles/CMakeTmp/src.c
Linking C executable cmTC_acc08
/snap/clion/152/bin/cmake/linux/bin/cmake -E cmake_link_script CMakeFiles/cmTC_acc08.dir/link.txt --verbose=1
/usr/bin/cc  -Wno-unused-but-set-variable -DHAVE_AVX512 -mavx512f -mavx512cd -mavx512bw -mavx512dq -DLV_HAVE_AVX512 -rdynamic CMakeFiles/cmTC_acc08.dir/src.c.o -o cmTC_acc08 
make[1]: Leaving directory '/home/xt/srsRAN/cmake-build-debug/CMakeFiles/CMakeTmp'


Return value: FAILED_TO_RUN
Source file was:

          #include <immintrin.h>
          int main()
          {
            __m512i a, b, c;
            const int src[16] = { 0x0, 0x1, 0x2, 0x3, 0x4, 0x5, 0x6, 0x7, 0x8 , 0x9, 0xA, 0xB, 0xC, 0xD, 0xE, 0xF};
            int dst[16];
            a =  _mm512_loadu_si512( (__m512i*)src );
            b =  _mm512_loadu_si512( (__m512i*)src );
            c = _mm512_add_epi32( a, b );
            _mm512_storeu_si512( (__m512i*)dst, c );
            int i = 0;
            for( i = 0; i < 16; i++ ){
              if( ( src[i] + src[i] ) != dst[i] ){
                return -1;
              }
            }
            return 0;
          }
